<?xml version="1.0" encoding="UTF-8"?>
<testng-results ignored="0" total="1" passed="1" failed="0" skipped="0">
  <reporter-output>
  </reporter-output>
  <suite started-at="2024-07-16T15:50:10 IST" name="runners.Testrunner" finished-at="2024-07-16T15:50:19 IST" duration-ms="8992">
    <groups>
      <group name="cucumber">
        <method signature="AbstractTestNGCucumberTests.runScenario(io.cucumber.testng.PickleWrapper,io.cucumber.testng.FeatureWrapper)[pri:0, instance:runners.Testrunner@5fe94a96]" name="runScenario" class="io.cucumber.testng.AbstractTestNGCucumberTests"/>
      </group> <!-- cucumber -->
    </groups>
    <test started-at="2024-07-16T15:50:10 IST" name="Command line test" finished-at="2024-07-16T15:50:19 IST" duration-ms="8992">
      <class name="runners.Testrunner">
        <test-method is-config="true" signature="setUpClass(org.testng.ITestContext)[pri:0, instance:runners.Testrunner@5fe94a96]" started-at="2024-07-16T15:50:10 IST" name="setUpClass" finished-at="2024-07-16T15:50:10 IST" duration-ms="537" status="PASS">
          <params>
            <param index="0">
              <value>
                <![CDATA[org.testng.TestRunner@ee8e7ff]]>
              </value>
            </param>
          </params>
          <reporter-output>
          </reporter-output>
        </test-method> <!-- setUpClass -->
        <test-method signature="runScenario(io.cucumber.testng.PickleWrapper,io.cucumber.testng.FeatureWrapper)[pri:0, instance:runners.Testrunner@5fe94a96]" started-at="2024-07-16T15:50:10 IST" name="runScenario" description="Runs Cucumber Scenarios" data-provider="scenarios" finished-at="2024-07-16T15:50:19 IST" duration-ms="8199" status="PASS">
          <params>
            <param index="0">
              <value>
                <![CDATA["All the users of City `FanCode` have more than half of their todos task completed."]]>
              </value>
            </param>
            <param index="1">
              <value>
                <![CDATA["Optional[Verify all the users of city 'FANCODE' should have more then half todos task completed]"]]>
              </value>
            </param>
          </params>
          <reporter-output>
          </reporter-output>
        </test-method> <!-- runScenario -->
        <test-method is-config="true" signature="tearDownClass()[pri:0, instance:runners.Testrunner@5fe94a96]" started-at="2024-07-16T15:50:19 IST" name="tearDownClass" finished-at="2024-07-16T15:50:19 IST" duration-ms="223" status="PASS">
          <reporter-output>
          </reporter-output>
        </test-method> <!-- tearDownClass -->
      </class> <!-- runners.Testrunner -->
    </test> <!-- Command line test -->
  </suite> <!-- runners.Testrunner -->
</testng-results>
